<?xml version="1.0" encoding="UTF-8"?>
<testng-results ignored="0" total="2" passed="2" failed="0" skipped="0">
  <reporter-output>
  </reporter-output>
  <suite started-at="2025-01-15T15:57:10 IST" name="Default suite" finished-at="2025-01-15T15:57:24 IST" duration-ms="14171">
    <groups>
    </groups>
    <test started-at="2025-01-15T15:57:10 IST" name="Default test" finished-at="2025-01-15T15:57:24 IST" duration-ms="14171">
      <class name="testcases.Register_A_Customer_Test">
        <test-method is-config="true" signature="setUp(org.testng.ITestContext)[pri:0, instance:testcases.Register_A_Customer_Test@60a2630a]" started-at="2025-01-15T15:57:10 IST" name="setUp" finished-at="2025-01-15T15:57:15 IST" duration-ms="4877" status="PASS">
          <params>
            <param index="0">
              <value>
                <![CDATA[org.testng.TestRunner@5d66e944]]>
              </value>
            </param>
          </params>
          <reporter-output>
          </reporter-output>
        </test-method> <!-- setUp -->
        <test-method signature="validate_Logo_Display()[pri:1, instance:testcases.Register_A_Customer_Test@60a2630a]" started-at="2025-01-15T15:57:15 IST" name="validate_Logo_Display" finished-at="2025-01-15T15:57:18 IST" duration-ms="2786" status="PASS">
          <reporter-output>
          </reporter-output>
        </test-method> <!-- validate_Logo_Display -->
        <test-method signature="register_A_Customer()[pri:2, instance:testcases.Register_A_Customer_Test@60a2630a]" started-at="2025-01-15T15:57:18 IST" name="register_A_Customer" finished-at="2025-01-15T15:57:24 IST" duration-ms="5420" status="PASS">
          <reporter-output>
          </reporter-output>
        </test-method> <!-- register_A_Customer -->
        <test-method is-config="true" signature="tearDown()[pri:0, instance:testcases.Register_A_Customer_Test@60a2630a]" started-at="2025-01-15T15:57:24 IST" name="tearDown" finished-at="2025-01-15T15:57:24 IST" duration-ms="610" status="PASS">
          <reporter-output>
          </reporter-output>
        </test-method> <!-- tearDown -->
      </class> <!-- testcases.Register_A_Customer_Test -->
    </test> <!-- Default test -->
  </suite> <!-- Default suite -->
</testng-results>
